<?xml version="1.0" encoding="UTF-8"?>
<testng-results ignored="0" total="9" passed="8" failed="1" skipped="0">
  <reporter-output>
  </reporter-output>
  <suite started-at="2025-03-27T11:35:37 IST" name="Suite" finished-at="2025-03-27T11:36:57 IST" duration-ms="80304">
    <groups>
    </groups>
    <test started-at="2025-03-27T11:35:37 IST" name="Test" finished-at="2025-03-27T11:36:57 IST" duration-ms="80304">
      <class name="sdetTestacse.Test1">
        <test-method signature="test()[pri:0, instance:sdetTestacse.Test1@9225652]" started-at="2025-03-27T11:35:46 IST" name="test" finished-at="2025-03-27T11:35:50 IST" duration-ms="3447" status="PASS">
          <reporter-output>
          </reporter-output>
        </test-method> <!-- test -->
      </class> <!-- sdetTestacse.Test1 -->
      <class name="sdetTestacse.Stale">
        <test-method signature="staleexception()[pri:0, instance:sdetTestacse.Stale@654f0d9c]" started-at="2025-03-27T11:35:50 IST" name="staleexception" finished-at="2025-03-27T11:36:20 IST" duration-ms="29702" status="PASS">
          <reporter-output>
          </reporter-output>
        </test-method> <!-- staleexception -->
      </class> <!-- sdetTestacse.Stale -->
      <class name="sdetTestacse.sslcertificate">
        <test-method signature="sslcertificatetest()[pri:0, instance:sdetTestacse.sslcertificate@6e4784bc]" started-at="2025-03-27T11:35:37 IST" name="sslcertificatetest" finished-at="2025-03-27T11:35:40 IST" duration-ms="3015" status="PASS">
          <reporter-output>
          </reporter-output>
        </test-method> <!-- sslcertificatetest -->
      </class> <!-- sdetTestacse.sslcertificate -->
      <class name="sdetTestacse.Test5">
        <test-method signature="retrivedata()[pri:0, instance:sdetTestacse.Test5@13e39c73]" started-at="2025-03-27T11:35:40 IST" name="retrivedata" finished-at="2025-03-27T11:35:43 IST" duration-ms="2696" status="PASS">
          <reporter-output>
          </reporter-output>
        </test-method> <!-- retrivedata -->
      </class> <!-- sdetTestacse.Test5 -->
      <class name="sdetTestacse.Test4">
        <test-method signature="webtable()[pri:0, instance:sdetTestacse.Test4@64cd705f]" started-at="2025-03-27T11:35:43 IST" name="webtable" finished-at="2025-03-27T11:35:46 IST" duration-ms="3537" status="PASS">
          <reporter-output>
          </reporter-output>
        </test-method> <!-- webtable -->
      </class> <!-- sdetTestacse.Test4 -->
      <class name="sdetTestacse.Test3">
        <test-method signature="test3()[pri:0, instance:sdetTestacse.Test3@6a400542]" started-at="2025-03-27T11:36:20 IST" name="test3" finished-at="2025-03-27T11:36:33 IST" duration-ms="13266" status="PASS">
          <reporter-output>
          </reporter-output>
        </test-method> <!-- test3 -->
      </class> <!-- sdetTestacse.Test3 -->
      <class name="sdetTestacse.VerifuyTitle">
        <test-method signature="verifySoftassert()[pri:0, instance:sdetTestacse.VerifuyTitle@7e0b85f9]" started-at="2025-03-27T11:36:36 IST" name="verifySoftassert" finished-at="2025-03-27T11:36:43 IST" duration-ms="7451" status="FAIL">
          <exception class="java.lang.AssertionError">
            <message>
              <![CDATA[assertion fali
title missmatch expected [hello - Google Search] but found [Google Search]]]>
            </message>
            <full-stacktrace>
              <![CDATA[java.lang.AssertionError: assertion fali
title missmatch expected [hello - Google Search] but found [Google Search]
at org.testng.asserts.SoftAssert.assertAll(SoftAssert.java:46)
at sdetTestacse.VerifuyTitle.verifySoftassert(VerifuyTitle.java:41)
at java.base/jdk.internal.reflect.DirectMethodHandleAccessor.invoke(DirectMethodHandleAccessor.java:103)
at java.base/java.lang.reflect.Method.invoke(Method.java:580)
at org.testng.internal.invokers.MethodInvocationHelper.invokeMethod(MethodInvocationHelper.java:139)
at org.testng.internal.invokers.TestInvoker.invokeMethod(TestInvoker.java:677)
at org.testng.internal.invokers.TestInvoker.invokeTestMethod(TestInvoker.java:221)
at org.testng.internal.invokers.MethodRunner.runInSequence(MethodRunner.java:50)
at org.testng.internal.invokers.TestInvoker$MethodInvocationAgent.invoke(TestInvoker.java:962)
at org.testng.internal.invokers.TestInvoker.invokeTestMethods(TestInvoker.java:194)
at org.testng.internal.invokers.TestMethodWorker.invokeTestMethods(TestMethodWorker.java:148)
at org.testng.internal.invokers.TestMethodWorker.run(TestMethodWorker.java:128)
at java.base/java.util.ArrayList.forEach(ArrayList.java:1596)
at org.testng.TestRunner.privateRun(TestRunner.java:806)
at org.testng.TestRunner.run(TestRunner.java:601)
at org.testng.SuiteRunner.runTest(SuiteRunner.java:433)
at org.testng.SuiteRunner.runSequentially(SuiteRunner.java:427)
at org.testng.SuiteRunner.privateRun(SuiteRunner.java:387)
at org.testng.SuiteRunner.run(SuiteRunner.java:330)
at org.testng.SuiteRunnerWorker.runSuite(SuiteRunnerWorker.java:52)
at org.testng.SuiteRunnerWorker.run(SuiteRunnerWorker.java:95)
at org.testng.TestNG.runSuitesSequentially(TestNG.java:1256)
at org.testng.TestNG.runSuitesLocally(TestNG.java:1176)
at org.testng.TestNG.runSuites(TestNG.java:1099)
at org.testng.TestNG.run(TestNG.java:1067)
at org.apache.maven.surefire.testng.TestNGExecutor.run(TestNGExecutor.java:308)
at org.apache.maven.surefire.testng.TestNGXmlTestSuite.execute(TestNGXmlTestSuite.java:71)
at org.apache.maven.surefire.testng.TestNGProvider.invoke(TestNGProvider.java:113)
at org.apache.maven.surefire.booter.ForkedBooter.runSuitesInProcess(ForkedBooter.java:385)
at org.apache.maven.surefire.booter.ForkedBooter.execute(ForkedBooter.java:162)
at org.apache.maven.surefire.booter.ForkedBooter.run(ForkedBooter.java:507)
at org.apache.maven.surefire.booter.ForkedBooter.main(ForkedBooter.java:495)
]]>
            </full-stacktrace>
          </exception> <!-- java.lang.AssertionError -->
          <reporter-output>
          </reporter-output>
        </test-method> <!-- verifySoftassert -->
        <test-method signature="verifyTitle()[pri:0, instance:sdetTestacse.VerifuyTitle@7e0b85f9]" started-at="2025-03-27T11:36:43 IST" name="verifyTitle" finished-at="2025-03-27T11:36:57 IST" duration-ms="14411" status="PASS">
          <reporter-output>
          </reporter-output>
        </test-method> <!-- verifyTitle -->
      </class> <!-- sdetTestacse.VerifuyTitle -->
      <class name="sdetTestacse.Test2">
        <test-method signature="testall()[pri:0, instance:sdetTestacse.Test2@6580cfdd]" started-at="2025-03-27T11:36:33 IST" name="testall" finished-at="2025-03-27T11:36:36 IST" duration-ms="2737" status="PASS">
          <reporter-output>
          </reporter-output>
        </test-method> <!-- testall -->
      </class> <!-- sdetTestacse.Test2 -->
    </test> <!-- Test -->
  </suite> <!-- Suite -->
</testng-results>
